     1                                  bits 32 ; assembling for the 32 bits architecture
     2                                  
     3                                  ; declare the EntryPoint (a label defining the very first instruction of the program)
     4                                  global start        
     5                                  
     6                                  ; declare external functions needed by our program
     7                                  extern exit               ; tell nasm that exit exists even if we won't be defining it
     8                                  import exit msvcrt.dll    ; exit is a function that ends the calling process. It is defined in msvcrt.dll
     9                                                            ; msvcrt.dll contains exit, printf and all the other important C-runtime specific functions
    10                                  
    11                                  ; our data is declared here (the variables needed by our program)
    12                                  segment data use32 class=data
    13                                      ; ...
    14 00000000 0C                          a db 12
    15 00000001 04                          b db 4
    16                                  
    17                                  ; our code starts here
    18                                  segment code use32 class=code
    19                                      start:
    20                                          ; 12/4
    21 00000000 B800000000                      mov eax, 0
    22 00000005 BB00000000                      mov ebx, 0
    23 0000000A BA00000000                      mov edx, 0
    24 0000000F A0[00000000]                    mov al, [a]
    25 00000014 8A1D[01000000]                  mov bl, [b]
    26 0000001A 66F7F3                          div bx
    27                                          
    28                                          ; exit(0)
    29 0000001D 6A00                            push    dword 0      ; push the parameter for exit onto the stack
    30 0000001F FF15[00000000]                  call    [exit]       ; call exit to terminate the program
