     1                                  bits 32 ; assembling for the 32 bits architecture
     2                                  
     3                                  ; declare the EntryPoint (a label defining the very first instruction of the program)
     4                                  global start        
     5                                  
     6                                  ; declare external functions needed by our program
     7                                  extern exit               ; tell nasm that exit exists even if we won't be defining it
     8                                  import exit msvcrt.dll    ; exit is a function that ends the calling process. It is defined in msvcrt.dll
     9                                                            ; msvcrt.dll contains exit, printf and all the other important C-runtime specific functions
    10                                  
    11                                  ; our data is declared here (the variables needed by our program)
    12                                  segment data use32 class=data
    13                                      ; ...
    14 00000000 02                          a db 2
    15 00000001 03                          b db 3
    16 00000002 02                          c db 2
    17 00000003 0100                        d dw 1
    18                                  ; our code starts here
    19                                  segment code use32 class=code
    20                                      start:
    21                                          ; b+a-(4-d+2)+c+(a-b)
    22 00000000 B800000000                      mov eax, 0
    23 00000005 BB00000000                      mov ebx, 0
    24 0000000A B900000000                      mov ecx, 0
    25 0000000F BA00000000                      mov edx, 0
    26                                          
    27 00000014 A0[01000000]                    mov al, [b]
    28 00000019 0205[00000000]                  add al, [a]
    29 0000001F 2C04                            sub al, 4
    30 00000021 660305[03000000]                add ax, [d]
    31 00000028 6683E802                        sub ax, 2
    32 0000002C 0205[02000000]                  add al, [c]
    33 00000032 0205[00000000]                  add al, [a]
    34 00000038 2A05[01000000]                  sub al, [b]
    35                                          ; exit(0)
    36 0000003E 6A00                            push    dword 0      ; push the parameter for exit onto the stack
    37 00000040 FF15[00000000]                  call    [exit]       ; call exit to terminate the program
